{"C:\\Users\\achraf\\Desktop\\new bill finale 2\\Billed-app-FR-front\\src\\constants\\routes.js": {"path":"C:\\Users\\achraf\\Desktop\\new bill finale 2\\Billed-app-FR-front\\src\\constants\\routes.js","statementMap":{"0":{"start":{"line":6,"column":27},"end":{"line":11,"column":1}},"1":{"start":{"line":13,"column":22},"end":{"line":26,"column":1}},"2":{"start":{"line":14,"column":2},"end":{"line":25,"column":3}},"3":{"start":{"line":16,"column":6},"end":{"line":16,"column":46}},"4":{"start":{"line":18,"column":6},"end":{"line":18,"column":46}},"5":{"start":{"line":20,"column":6},"end":{"line":20,"column":24}},"6":{"start":{"line":22,"column":6},"end":{"line":22,"column":50}},"7":{"start":{"line":24,"column":6},"end":{"line":24,"column":46}}},"fnMap":{"0":{"name":"(anonymous_0)","decl":{"start":{"line":13,"column":22},"end":{"line":13,"column":23}},"loc":{"start":{"line":13,"column":62},"end":{"line":26,"column":1}},"line":13}},"branchMap":{"0":{"loc":{"start":{"line":14,"column":2},"end":{"line":25,"column":3}},"type":"switch","locations":[{"start":{"line":15,"column":4},"end":{"line":16,"column":46}},{"start":{"line":17,"column":4},"end":{"line":18,"column":46}},{"start":{"line":19,"column":4},"end":{"line":20,"column":24}},{"start":{"line":21,"column":4},"end":{"line":22,"column":50}},{"start":{"line":23,"column":4},"end":{"line":24,"column":46}}],"line":14}},"s":{"0":6,"1":6,"2":37,"3":10,"4":13,"5":3,"6":10,"7":1},"f":{"0":37},"b":{"0":[10,13,3,10,1]},"_coverageSchema":"1a1c01bbd47fc00a2c39e90264f33305004495a9","hash":"b6b72ee47075165a5abab3db2cd15215b4d70c1f"}
,"C:\\Users\\achraf\\Desktop\\new bill finale 2\\Billed-app-FR-front\\src\\constants\\usersTest.js": {"path":"C:\\Users\\achraf\\Desktop\\new bill finale 2\\Billed-app-FR-front\\src\\constants\\usersTest.js","statementMap":{},"fnMap":{},"branchMap":{},"s":{},"f":{},"b":{},"_coverageSchema":"1a1c01bbd47fc00a2c39e90264f33305004495a9","hash":"ab5fe5587a4a2e865ed2482c31212fb6623e744b"}
,"C:\\Users\\achraf\\Desktop\\new bill finale 2\\Billed-app-FR-front\\src\\containers\\Bills.js": {"path":"C:\\Users\\achraf\\Desktop\\new bill finale 2\\Billed-app-FR-front\\src\\containers\\Bills.js","statementMap":{"0":{"start":{"line":7,"column":4},"end":{"line":7,"column":29}},"1":{"start":{"line":8,"column":4},"end":{"line":8,"column":33}},"2":{"start":{"line":9,"column":4},"end":{"line":9,"column":23}},"3":{"start":{"line":10,"column":26},"end":{"line":12,"column":5}},"4":{"start":{"line":13,"column":4},"end":{"line":14,"column":71}},"5":{"start":{"line":14,"column":6},"end":{"line":14,"column":71}},"6":{"start":{"line":15,"column":20},"end":{"line":15,"column":76}},"7":{"start":{"line":16,"column":4},"end":{"line":19,"column":9}},"8":{"start":{"line":17,"column":6},"end":{"line":19,"column":9}},"9":{"start":{"line":18,"column":8},"end":{"line":18,"column":77}},"10":{"start":{"line":18,"column":46},"end":{"line":18,"column":75}},"11":{"start":{"line":20,"column":4},"end":{"line":20,"column":55}},"12":{"start":{"line":23,"column":23},"end":{"line":25,"column":3}},"13":{"start":{"line":24,"column":4},"end":{"line":24,"column":44}},"14":{"start":{"line":27,"column":23},"end":{"line":37,"column":3}},"15":{"start":{"line":28,"column":20},"end":{"line":28,"column":54}},"16":{"start":{"line":29,"column":21},"end":{"line":29,"column":63}},"17":{"start":{"line":30,"column":4},"end":{"line":34,"column":8}},"18":{"start":{"line":35,"column":4},"end":{"line":36,"column":37}},"19":{"start":{"line":36,"column":6},"end":{"line":36,"column":37}},"20":{"start":{"line":39,"column":12},"end":{"line":70,"column":3}},"21":{"start":{"line":40,"column":4},"end":{"line":69,"column":5}},"22":{"start":{"line":41,"column":6},"end":{"line":68,"column":8}},"23":{"start":{"line":45,"column":22},"end":{"line":65,"column":12}},"24":{"start":{"line":47,"column":26},"end":{"line":47,"column":52}},"25":{"start":{"line":49,"column":12},"end":{"line":64,"column":13}},"26":{"start":{"line":50,"column":14},"end":{"line":54,"column":15}},"27":{"start":{"line":58,"column":14},"end":{"line":58,"column":38}},"28":{"start":{"line":59,"column":14},"end":{"line":63,"column":15}},"29":{"start":{"line":66,"column":10},"end":{"line":66,"column":45}},"30":{"start":{"line":67,"column":8},"end":{"line":67,"column":20}}},"fnMap":{"0":{"name":"(anonymous_0)","decl":{"start":{"line":6,"column":2},"end":{"line":6,"column":3}},"loc":{"start":{"line":6,"column":61},"end":{"line":21,"column":3}},"line":6},"1":{"name":"(anonymous_1)","decl":{"start":{"line":17,"column":22},"end":{"line":17,"column":23}},"loc":{"start":{"line":17,"column":32},"end":{"line":19,"column":7}},"line":17},"2":{"name":"(anonymous_2)","decl":{"start":{"line":18,"column":39},"end":{"line":18,"column":40}},"loc":{"start":{"line":18,"column":46},"end":{"line":18,"column":75}},"line":18},"3":{"name":"(anonymous_3)","decl":{"start":{"line":23,"column":23},"end":{"line":23,"column":24}},"loc":{"start":{"line":23,"column":30},"end":{"line":25,"column":3}},"line":23},"4":{"name":"(anonymous_4)","decl":{"start":{"line":27,"column":23},"end":{"line":27,"column":24}},"loc":{"start":{"line":27,"column":33},"end":{"line":37,"column":3}},"line":27},"5":{"name":"(anonymous_5)","decl":{"start":{"line":39,"column":12},"end":{"line":39,"column":13}},"loc":{"start":{"line":39,"column":18},"end":{"line":70,"column":3}},"line":39},"6":{"name":"(anonymous_6)","decl":{"start":{"line":44,"column":12},"end":{"line":44,"column":13}},"loc":{"start":{"line":44,"column":24},"end":{"line":68,"column":7}},"line":44},"7":{"name":"(anonymous_7)","decl":{"start":{"line":47,"column":16},"end":{"line":47,"column":17}},"loc":{"start":{"line":47,"column":26},"end":{"line":47,"column":52}},"line":47},"8":{"name":"(anonymous_8)","decl":{"start":{"line":48,"column":15},"end":{"line":48,"column":16}},"loc":{"start":{"line":48,"column":22},"end":{"line":65,"column":11}},"line":48}},"branchMap":{"0":{"loc":{"start":{"line":13,"column":4},"end":{"line":14,"column":71}},"type":"if","locations":[{"start":{"line":13,"column":4},"end":{"line":14,"column":71}},{"start":{"line":13,"column":4},"end":{"line":14,"column":71}}],"line":13},"1":{"loc":{"start":{"line":16,"column":4},"end":{"line":19,"column":9}},"type":"if","locations":[{"start":{"line":16,"column":4},"end":{"line":19,"column":9}},{"start":{"line":16,"column":4},"end":{"line":19,"column":9}}],"line":16},"2":{"loc":{"start":{"line":35,"column":4},"end":{"line":36,"column":37}},"type":"if","locations":[{"start":{"line":35,"column":4},"end":{"line":36,"column":37}},{"start":{"line":35,"column":4},"end":{"line":36,"column":37}}],"line":35},"3":{"loc":{"start":{"line":40,"column":4},"end":{"line":69,"column":5}},"type":"if","locations":[{"start":{"line":40,"column":4},"end":{"line":69,"column":5}},{"start":{"line":40,"column":4},"end":{"line":69,"column":5}}],"line":40},"4":{"loc":{"start":{"line":47,"column":26},"end":{"line":47,"column":52}},"type":"cond-expr","locations":[{"start":{"line":47,"column":46},"end":{"line":47,"column":47}},{"start":{"line":47,"column":50},"end":{"line":47,"column":52}}],"line":47}},"s":{"0":8,"1":8,"2":8,"3":8,"4":8,"5":5,"6":8,"7":8,"8":8,"9":24,"10":0,"11":8,"12":8,"13":1,"14":8,"15":4,"16":4,"17":4,"18":4,"19":4,"20":8,"21":3,"22":3,"23":2,"24":12,"25":8,"26":8,"27":0,"28":0,"29":2,"30":2},"f":{"0":8,"1":24,"2":0,"3":1,"4":4,"5":3,"6":2,"7":12,"8":8},"b":{"0":[5,3],"1":[8,0],"2":[4,0],"3":[3,0],"4":[6,6]},"_coverageSchema":"1a1c01bbd47fc00a2c39e90264f33305004495a9","hash":"0942bab5a04e4966fe6ba21ca91174274267c7bf"}
,"C:\\Users\\achraf\\Desktop\\new bill finale 2\\Billed-app-FR-front\\src\\containers\\Dashboard.js": {"path":"C:\\Users\\achraf\\Desktop\\new bill finale 2\\Billed-app-FR-front\\src\\containers\\Dashboard.js","statementMap":{"0":{"start":{"line":8,"column":29},"end":{"line":27,"column":1}},"1":{"start":{"line":9,"column":2},"end":{"line":26,"column":9}},"2":{"start":{"line":14,"column":8},"end":{"line":22,"column":9}},"3":{"start":{"line":15,"column":10},"end":{"line":15,"column":51}},"4":{"start":{"line":18,"column":28},"end":{"line":18,"column":74}},"5":{"start":{"line":19,"column":10},"end":{"line":21,"column":61}},"6":{"start":{"line":24,"column":8},"end":{"line":24,"column":31}},"7":{"start":{"line":29,"column":20},"end":{"line":56,"column":1}},"8":{"start":{"line":30,"column":28},"end":{"line":30,"column":52}},"9":{"start":{"line":31,"column":20},"end":{"line":33,"column":8}},"10":{"start":{"line":34,"column":19},"end":{"line":36,"column":23}},"11":{"start":{"line":38,"column":2},"end":{"line":55,"column":4}},"12":{"start":{"line":58,"column":21},"end":{"line":60,"column":1}},"13":{"start":{"line":59,"column":2},"end":{"line":59,"column":79}},"14":{"start":{"line":59,"column":53},"end":{"line":59,"column":63}},"15":{"start":{"line":62,"column":25},"end":{"line":71,"column":1}},"16":{"start":{"line":63,"column":2},"end":{"line":70,"column":3}},"17":{"start":{"line":65,"column":6},"end":{"line":65,"column":23}},"18":{"start":{"line":67,"column":6},"end":{"line":67,"column":24}},"19":{"start":{"line":69,"column":6},"end":{"line":69,"column":23}},"20":{"start":{"line":75,"column":4},"end":{"line":75,"column":29}},"21":{"start":{"line":76,"column":4},"end":{"line":76,"column":33}},"22":{"start":{"line":77,"column":4},"end":{"line":77,"column":23}},"23":{"start":{"line":79,"column":4},"end":{"line":79,"column":72}},"24":{"start":{"line":79,"column":35},"end":{"line":79,"column":70}},"25":{"start":{"line":80,"column":4},"end":{"line":80,"column":72}},"26":{"start":{"line":80,"column":35},"end":{"line":80,"column":70}},"27":{"start":{"line":81,"column":4},"end":{"line":81,"column":72}},"28":{"start":{"line":81,"column":35},"end":{"line":81,"column":70}},"29":{"start":{"line":83,"column":4},"end":{"line":83,"column":28}},"30":{"start":{"line":84,"column":4},"end":{"line":84,"column":45}},"31":{"start":{"line":87,"column":23},"end":{"line":97,"column":3}},"32":{"start":{"line":88,"column":20},"end":{"line":88,"column":58}},"33":{"start":{"line":89,"column":21},"end":{"line":89,"column":69}},"34":{"start":{"line":90,"column":4},"end":{"line":94,"column":8}},"35":{"start":{"line":95,"column":4},"end":{"line":96,"column":43}},"36":{"start":{"line":96,"column":6},"end":{"line":96,"column":43}},"37":{"start":{"line":100,"column":4},"end":{"line":102,"column":5}},"38":{"start":{"line":101,"column":7},"end":{"line":101,"column":24}},"39":{"start":{"line":103,"column":4},"end":{"line":105,"column":5}},"40":{"start":{"line":104,"column":7},"end":{"line":104,"column":25}},"41":{"start":{"line":106,"column":5},"end":{"line":122,"column":5}},"42":{"start":{"line":107,"column":7},"end":{"line":109,"column":9}},"43":{"start":{"line":108,"column":8},"end":{"line":108,"column":62}},"44":{"start":{"line":110,"column":6},"end":{"line":110,"column":63}},"45":{"start":{"line":111,"column":6},"end":{"line":111,"column":70}},"46":{"start":{"line":112,"column":6},"end":{"line":112,"column":53}},"47":{"start":{"line":113,"column":6},"end":{"line":113,"column":21}},"48":{"start":{"line":115,"column":6},"end":{"line":115,"column":63}},"49":{"start":{"line":117,"column":6},"end":{"line":119,"column":9}},"50":{"start":{"line":120,"column":6},"end":{"line":120,"column":53}},"51":{"start":{"line":121,"column":6},"end":{"line":121,"column":21}},"52":{"start":{"line":123,"column":4},"end":{"line":123,"column":52}},"53":{"start":{"line":124,"column":4},"end":{"line":124,"column":73}},"54":{"start":{"line":124,"column":39},"end":{"line":124,"column":71}},"55":{"start":{"line":125,"column":4},"end":{"line":125,"column":73}},"56":{"start":{"line":125,"column":39},"end":{"line":125,"column":71}},"57":{"start":{"line":128,"column":23},"end":{"line":136,"column":3}},"58":{"start":{"line":129,"column":20},"end":{"line":133,"column":5}},"59":{"start":{"line":134,"column":4},"end":{"line":134,"column":29}},"60":{"start":{"line":135,"column":4},"end":{"line":135,"column":46}},"61":{"start":{"line":138,"column":23},"end":{"line":146,"column":3}},"62":{"start":{"line":139,"column":20},"end":{"line":143,"column":5}},"63":{"start":{"line":144,"column":4},"end":{"line":144,"column":29}},"64":{"start":{"line":145,"column":4},"end":{"line":145,"column":46}},"65":{"start":{"line":150,"column":4},"end":{"line":159,"column":7}},"66":{"start":{"line":158,"column":6},"end":{"line":158,"column":45}},"67":{"start":{"line":162,"column":4},"end":{"line":162,"column":77}},"68":{"start":{"line":162,"column":60},"end":{"line":162,"column":77}},"69":{"start":{"line":163,"column":4},"end":{"line":166,"column":5}},"70":{"start":{"line":164,"column":6},"end":{"line":164,"column":25}},"71":{"start":{"line":167,"column":4},"end":{"line":177,"column":5}},"72":{"start":{"line":168,"column":6},"end":{"line":168,"column":71}},"73":{"start":{"line":169,"column":6},"end":{"line":171,"column":8}},"74":{"start":{"line":172,"column":6},"end":{"line":172,"column":21}},"75":{"start":{"line":174,"column":6},"end":{"line":174,"column":72}},"76":{"start":{"line":175,"column":6},"end":{"line":175,"column":57}},"77":{"start":{"line":176,"column":6},"end":{"line":176,"column":21}},"78":{"start":{"line":182,"column":4},"end":{"line":188,"column":7}},"79":{"start":{"line":183,"column":6},"end":{"line":187,"column":9}},"80":{"start":{"line":186,"column":8},"end":{"line":186,"column":46}},"81":{"start":{"line":190,"column":4},"end":{"line":190,"column":17}},"82":{"start":{"line":193,"column":21},"end":{"line":209,"column":3}},"83":{"start":{"line":194,"column":4},"end":{"line":208,"column":5}},"84":{"start":{"line":195,"column":6},"end":{"line":207,"column":28}},"85":{"start":{"line":199,"column":24},"end":{"line":204,"column":13}},"86":{"start":{"line":199,"column":47},"end":{"line":204,"column":11}},"87":{"start":{"line":205,"column":10},"end":{"line":205,"column":23}},"88":{"start":{"line":212,"column":15},"end":{"line":220,"column":3}},"89":{"start":{"line":213,"column":4},"end":{"line":219,"column":5}},"90":{"start":{"line":214,"column":6},"end":{"line":218,"column":28}},"91":{"start":{"line":217,"column":24},"end":{"line":217,"column":28}}},"fnMap":{"0":{"name":"(anonymous_0)","decl":{"start":{"line":8,"column":29},"end":{"line":8,"column":30}},"loc":{"start":{"line":8,"column":47},"end":{"line":27,"column":1}},"line":8},"1":{"name":"(anonymous_1)","decl":{"start":{"line":10,"column":18},"end":{"line":10,"column":19}},"loc":{"start":{"line":10,"column":28},"end":{"line":25,"column":7}},"line":10},"2":{"name":"(anonymous_2)","decl":{"start":{"line":29,"column":20},"end":{"line":29,"column":21}},"loc":{"start":{"line":29,"column":30},"end":{"line":56,"column":1}},"line":29},"3":{"name":"(anonymous_3)","decl":{"start":{"line":58,"column":21},"end":{"line":58,"column":22}},"loc":{"start":{"line":58,"column":32},"end":{"line":60,"column":1}},"line":58},"4":{"name":"(anonymous_4)","decl":{"start":{"line":59,"column":43},"end":{"line":59,"column":44}},"loc":{"start":{"line":59,"column":53},"end":{"line":59,"column":63}},"line":59},"5":{"name":"(anonymous_5)","decl":{"start":{"line":62,"column":25},"end":{"line":62,"column":26}},"loc":{"start":{"line":62,"column":36},"end":{"line":71,"column":1}},"line":62},"6":{"name":"(anonymous_6)","decl":{"start":{"line":74,"column":2},"end":{"line":74,"column":3}},"loc":{"start":{"line":74,"column":68},"end":{"line":85,"column":3}},"line":74},"7":{"name":"(anonymous_7)","decl":{"start":{"line":79,"column":28},"end":{"line":79,"column":29}},"loc":{"start":{"line":79,"column":35},"end":{"line":79,"column":70}},"line":79},"8":{"name":"(anonymous_8)","decl":{"start":{"line":80,"column":28},"end":{"line":80,"column":29}},"loc":{"start":{"line":80,"column":35},"end":{"line":80,"column":70}},"line":80},"9":{"name":"(anonymous_9)","decl":{"start":{"line":81,"column":28},"end":{"line":81,"column":29}},"loc":{"start":{"line":81,"column":35},"end":{"line":81,"column":70}},"line":81},"10":{"name":"(anonymous_10)","decl":{"start":{"line":87,"column":23},"end":{"line":87,"column":24}},"loc":{"start":{"line":87,"column":29},"end":{"line":97,"column":3}},"line":87},"11":{"name":"(anonymous_11)","decl":{"start":{"line":99,"column":2},"end":{"line":99,"column":3}},"loc":{"start":{"line":99,"column":35},"end":{"line":126,"column":3}},"line":99},"12":{"name":"(anonymous_12)","decl":{"start":{"line":107,"column":21},"end":{"line":107,"column":22}},"loc":{"start":{"line":107,"column":28},"end":{"line":109,"column":7}},"line":107},"13":{"name":"(anonymous_13)","decl":{"start":{"line":124,"column":32},"end":{"line":124,"column":33}},"loc":{"start":{"line":124,"column":39},"end":{"line":124,"column":71}},"line":124},"14":{"name":"(anonymous_14)","decl":{"start":{"line":125,"column":32},"end":{"line":125,"column":33}},"loc":{"start":{"line":125,"column":39},"end":{"line":125,"column":71}},"line":125},"15":{"name":"(anonymous_15)","decl":{"start":{"line":128,"column":23},"end":{"line":128,"column":24}},"loc":{"start":{"line":128,"column":36},"end":{"line":136,"column":3}},"line":128},"16":{"name":"(anonymous_16)","decl":{"start":{"line":138,"column":23},"end":{"line":138,"column":24}},"loc":{"start":{"line":138,"column":36},"end":{"line":146,"column":3}},"line":138},"17":{"name":"(anonymous_17)","decl":{"start":{"line":148,"column":2},"end":{"line":148,"column":3}},"loc":{"start":{"line":148,"column":37},"end":{"line":191,"column":3}},"line":148},"18":{"name":"(anonymous_18)","decl":{"start":{"line":150,"column":18},"end":{"line":150,"column":19}},"loc":{"start":{"line":150,"column":28},"end":{"line":159,"column":5}},"line":150},"19":{"name":"(anonymous_19)","decl":{"start":{"line":182,"column":18},"end":{"line":182,"column":19}},"loc":{"start":{"line":182,"column":28},"end":{"line":188,"column":5}},"line":182},"20":{"name":"(anonymous_20)","decl":{"start":{"line":183,"column":59},"end":{"line":183,"column":60}},"loc":{"start":{"line":183,"column":66},"end":{"line":187,"column":7}},"line":183},"21":{"name":"(anonymous_21)","decl":{"start":{"line":193,"column":21},"end":{"line":193,"column":22}},"loc":{"start":{"line":193,"column":27},"end":{"line":209,"column":3}},"line":193},"22":{"name":"(anonymous_22)","decl":{"start":{"line":198,"column":14},"end":{"line":198,"column":15}},"loc":{"start":{"line":198,"column":28},"end":{"line":206,"column":9}},"line":198},"23":{"name":"(anonymous_23)","decl":{"start":{"line":199,"column":37},"end":{"line":199,"column":38}},"loc":{"start":{"line":199,"column":47},"end":{"line":204,"column":11}},"line":199},"24":{"name":"(anonymous_24)","decl":{"start":{"line":212,"column":15},"end":{"line":212,"column":16}},"loc":{"start":{"line":212,"column":25},"end":{"line":220,"column":3}},"line":212},"25":{"name":"(anonymous_25)","decl":{"start":{"line":217,"column":14},"end":{"line":217,"column":15}},"loc":{"start":{"line":217,"column":24},"end":{"line":217,"column":28}},"line":217}},"branchMap":{"0":{"loc":{"start":{"line":9,"column":9},"end":{"line":26,"column":8}},"type":"cond-expr","locations":[{"start":{"line":10,"column":6},"end":{"line":25,"column":8}},{"start":{"line":26,"column":6},"end":{"line":26,"column":8}}],"line":9},"1":{"loc":{"start":{"line":9,"column":9},"end":{"line":9,"column":28}},"type":"binary-expr","locations":[{"start":{"line":9,"column":9},"end":{"line":9,"column":13}},{"start":{"line":9,"column":17},"end":{"line":9,"column":28}}],"line":9},"2":{"loc":{"start":{"line":14,"column":8},"end":{"line":22,"column":9}},"type":"if","locations":[{"start":{"line":14,"column":8},"end":{"line":22,"column":9}},{"start":{"line":14,"column":8},"end":{"line":22,"column":9}}],"line":14},"3":{"loc":{"start":{"line":20,"column":12},"end":{"line":21,"column":60}},"type":"binary-expr","locations":[{"start":{"line":20,"column":12},"end":{"line":20,"column":34}},{"start":{"line":21,"column":12},"end":{"line":21,"column":60}}],"line":20},"4":{"loc":{"start":{"line":31,"column":20},"end":{"line":33,"column":8}},"type":"cond-expr","locations":[{"start":{"line":32,"column":6},"end":{"line":32,"column":37}},{"start":{"line":33,"column":6},"end":{"line":33,"column":8}}],"line":31},"5":{"loc":{"start":{"line":34,"column":19},"end":{"line":36,"column":23}},"type":"cond-expr","locations":[{"start":{"line":35,"column":6},"end":{"line":35,"column":37}},{"start":{"line":36,"column":6},"end":{"line":36,"column":23}}],"line":34},"6":{"loc":{"start":{"line":59,"column":9},"end":{"line":59,"column":78}},"type":"cond-expr","locations":[{"start":{"line":59,"column":33},"end":{"line":59,"column":73}},{"start":{"line":59,"column":76},"end":{"line":59,"column":78}}],"line":59},"7":{"loc":{"start":{"line":59,"column":9},"end":{"line":59,"column":30}},"type":"binary-expr","locations":[{"start":{"line":59,"column":9},"end":{"line":59,"column":14}},{"start":{"line":59,"column":18},"end":{"line":59,"column":30}}],"line":59},"8":{"loc":{"start":{"line":63,"column":2},"end":{"line":70,"column":3}},"type":"switch","locations":[{"start":{"line":64,"column":4},"end":{"line":65,"column":23}},{"start":{"line":66,"column":4},"end":{"line":67,"column":24}},{"start":{"line":68,"column":4},"end":{"line":69,"column":23}}],"line":63},"9":{"loc":{"start":{"line":95,"column":4},"end":{"line":96,"column":43}},"type":"if","locations":[{"start":{"line":95,"column":4},"end":{"line":96,"column":43}},{"start":{"line":95,"column":4},"end":{"line":96,"column":43}}],"line":95},"10":{"loc":{"start":{"line":100,"column":4},"end":{"line":102,"column":5}},"type":"if","locations":[{"start":{"line":100,"column":4},"end":{"line":102,"column":5}},{"start":{"line":100,"column":4},"end":{"line":102,"column":5}}],"line":100},"11":{"loc":{"start":{"line":100,"column":8},"end":{"line":100,"column":57}},"type":"binary-expr","locations":[{"start":{"line":100,"column":8},"end":{"line":100,"column":34}},{"start":{"line":100,"column":38},"end":{"line":100,"column":57}}],"line":100},"12":{"loc":{"start":{"line":103,"column":4},"end":{"line":105,"column":5}},"type":"if","locations":[{"start":{"line":103,"column":4},"end":{"line":105,"column":5}},{"start":{"line":103,"column":4},"end":{"line":105,"column":5}}],"line":103},"13":{"loc":{"start":{"line":103,"column":8},"end":{"line":103,"column":52}},"type":"binary-expr","locations":[{"start":{"line":103,"column":8},"end":{"line":103,"column":29}},{"start":{"line":103,"column":33},"end":{"line":103,"column":52}}],"line":103},"14":{"loc":{"start":{"line":106,"column":5},"end":{"line":122,"column":5}},"type":"if","locations":[{"start":{"line":106,"column":5},"end":{"line":122,"column":5}},{"start":{"line":106,"column":5},"end":{"line":122,"column":5}}],"line":106},"15":{"loc":{"start":{"line":162,"column":4},"end":{"line":162,"column":77}},"type":"if","locations":[{"start":{"line":162,"column":4},"end":{"line":162,"column":77}},{"start":{"line":162,"column":4},"end":{"line":162,"column":77}}],"line":162},"16":{"loc":{"start":{"line":162,"column":8},"end":{"line":162,"column":58}},"type":"binary-expr","locations":[{"start":{"line":162,"column":8},"end":{"line":162,"column":34}},{"start":{"line":162,"column":38},"end":{"line":162,"column":58}}],"line":162},"17":{"loc":{"start":{"line":163,"column":4},"end":{"line":166,"column":5}},"type":"if","locations":[{"start":{"line":163,"column":4},"end":{"line":166,"column":5}},{"start":{"line":163,"column":4},"end":{"line":166,"column":5}}],"line":163},"18":{"loc":{"start":{"line":163,"column":8},"end":{"line":163,"column":56}},"type":"binary-expr","locations":[{"start":{"line":163,"column":8},"end":{"line":163,"column":32}},{"start":{"line":163,"column":36},"end":{"line":163,"column":56}}],"line":163},"19":{"loc":{"start":{"line":167,"column":4},"end":{"line":177,"column":5}},"type":"if","locations":[{"start":{"line":167,"column":4},"end":{"line":177,"column":5}},{"start":{"line":167,"column":4},"end":{"line":177,"column":5}}],"line":167},"20":{"loc":{"start":{"line":194,"column":4},"end":{"line":208,"column":5}},"type":"if","locations":[{"start":{"line":194,"column":4},"end":{"line":208,"column":5}},{"start":{"line":194,"column":4},"end":{"line":208,"column":5}}],"line":194},"21":{"loc":{"start":{"line":213,"column":4},"end":{"line":219,"column":5}},"type":"if","locations":[{"start":{"line":213,"column":4},"end":{"line":219,"column":5}},{"start":{"line":213,"column":4},"end":{"line":219,"column":5}}],"line":213}},"s":{"0":6,"1":50,"2":128,"3":128,"4":0,"5":0,"6":128,"7":6,"8":6,"9":6,"10":6,"11":6,"12":6,"13":6,"14":6,"15":6,"16":5,"17":3,"18":1,"19":1,"20":16,"21":16,"22":16,"23":16,"24":0,"25":16,"26":0,"27":16,"28":0,"29":16,"30":16,"31":16,"32":1,"33":1,"34":1,"35":1,"36":0,"37":3,"38":2,"39":3,"40":2,"41":3,"42":2,"43":8,"44":2,"45":2,"46":2,"47":2,"48":1,"49":1,"50":1,"51":1,"52":3,"53":3,"54":0,"55":3,"56":0,"57":16,"58":1,"59":1,"60":1,"61":16,"62":1,"63":1,"64":1,"65":5,"66":20,"67":5,"68":5,"69":5,"70":5,"71":5,"72":5,"73":5,"74":5,"75":0,"76":0,"77":0,"78":5,"79":20,"80":3,"81":5,"82":16,"83":21,"84":15,"85":13,"86":52,"87":13,"88":16,"89":2,"90":0,"91":0},"f":{"0":50,"1":128,"2":6,"3":6,"4":6,"5":5,"6":16,"7":0,"8":0,"9":0,"10":1,"11":3,"12":8,"13":0,"14":0,"15":1,"16":1,"17":5,"18":20,"19":20,"20":3,"21":21,"22":13,"23":52,"24":2,"25":0},"b":{"0":[32,18],"1":[50,32],"2":[128,0],"3":[0,0],"4":[0,6],"5":[0,6],"6":[5,1],"7":[6,6],"8":[3,1,1],"9":[0,1],"10":[2,1],"11":[3,3],"12":[2,1],"13":[3,1],"14":[2,1],"15":[5,0],"16":[5,2],"17":[5,0],"18":[5,2],"19":[5,0],"20":[15,6],"21":[0,2]},"_coverageSchema":"1a1c01bbd47fc00a2c39e90264f33305004495a9","hash":"92b6614380321d4a3d3cfc03f1169a0dbdb9b3c8"}
,"C:\\Users\\achraf\\Desktop\\new bill finale 2\\Billed-app-FR-front\\src\\containers\\Login.js": {"path":"C:\\Users\\achraf\\Desktop\\new bill finale 2\\Billed-app-FR-front\\src\\containers\\Login.js","statementMap":{"0":{"start":{"line":3,"column":31},"end":{"line":3,"column":33}},"1":{"start":{"line":8,"column":4},"end":{"line":8,"column":28}},"2":{"start":{"line":9,"column":4},"end":{"line":9,"column":36}},"3":{"start":{"line":10,"column":4},"end":{"line":10,"column":32}},"4":{"start":{"line":11,"column":4},"end":{"line":11,"column":46}},"5":{"start":{"line":12,"column":4},"end":{"line":12,"column":22}},"6":{"start":{"line":13,"column":25},"end":{"line":13,"column":89}},"7":{"start":{"line":14,"column":4},"end":{"line":14,"column":70}},"8":{"start":{"line":15,"column":22},"end":{"line":15,"column":83}},"9":{"start":{"line":16,"column":4},"end":{"line":16,"column":64}},"10":{"start":{"line":18,"column":25},"end":{"line":38,"column":3}},"11":{"start":{"line":19,"column":4},"end":{"line":19,"column":22}},"12":{"start":{"line":20,"column":17},"end":{"line":25,"column":5}},"13":{"start":{"line":26,"column":4},"end":{"line":26,"column":59}},"14":{"start":{"line":27,"column":4},"end":{"line":36,"column":8}},"15":{"start":{"line":29,"column":17},"end":{"line":29,"column":38}},"16":{"start":{"line":32,"column":8},"end":{"line":32,"column":45}},"17":{"start":{"line":33,"column":8},"end":{"line":33,"column":53}},"18":{"start":{"line":34,"column":8},"end":{"line":34,"column":50}},"19":{"start":{"line":35,"column":8},"end":{"line":35,"column":55}},"20":{"start":{"line":40,"column":22},"end":{"line":60,"column":3}},"21":{"start":{"line":41,"column":4},"end":{"line":41,"column":22}},"22":{"start":{"line":42,"column":17},"end":{"line":48,"column":5}},"23":{"start":{"line":49,"column":4},"end":{"line":49,"column":59}},"24":{"start":{"line":50,"column":4},"end":{"line":59,"column":8}},"25":{"start":{"line":52,"column":17},"end":{"line":52,"column":38}},"26":{"start":{"line":55,"column":8},"end":{"line":55,"column":49}},"27":{"start":{"line":56,"column":8},"end":{"line":56,"column":57}},"28":{"start":{"line":57,"column":8},"end":{"line":57,"column":50}},"29":{"start":{"line":58,"column":8},"end":{"line":58,"column":50}},"30":{"start":{"line":63,"column":10},"end":{"line":75,"column":3}},"31":{"start":{"line":64,"column":4},"end":{"line":74,"column":5}},"32":{"start":{"line":65,"column":6},"end":{"line":71,"column":8}},"33":{"start":{"line":70,"column":8},"end":{"line":70,"column":40}},"34":{"start":{"line":73,"column":6},"end":{"line":73,"column":17}},"35":{"start":{"line":78,"column":15},"end":{"line":95,"column":3}},"36":{"start":{"line":79,"column":4},"end":{"line":94,"column":5}},"37":{"start":{"line":80,"column":6},"end":{"line":91,"column":8}},"38":{"start":{"line":89,"column":8},"end":{"line":89,"column":57}},"39":{"start":{"line":90,"column":8},"end":{"line":90,"column":31}},"40":{"start":{"line":93,"column":6},"end":{"line":93,"column":17}}},"fnMap":{"0":{"name":"(anonymous_0)","decl":{"start":{"line":7,"column":2},"end":{"line":7,"column":3}},"loc":{"start":{"line":7,"column":80},"end":{"line":17,"column":3}},"line":7},"1":{"name":"(anonymous_1)","decl":{"start":{"line":18,"column":25},"end":{"line":18,"column":26}},"loc":{"start":{"line":18,"column":30},"end":{"line":38,"column":3}},"line":18},"2":{"name":"(anonymous_2)","decl":{"start":{"line":29,"column":8},"end":{"line":29,"column":9}},"loc":{"start":{"line":29,"column":17},"end":{"line":29,"column":38}},"line":29},"3":{"name":"(anonymous_3)","decl":{"start":{"line":31,"column":12},"end":{"line":31,"column":13}},"loc":{"start":{"line":31,"column":18},"end":{"line":36,"column":7}},"line":31},"4":{"name":"(anonymous_4)","decl":{"start":{"line":40,"column":22},"end":{"line":40,"column":23}},"loc":{"start":{"line":40,"column":27},"end":{"line":60,"column":3}},"line":40},"5":{"name":"(anonymous_5)","decl":{"start":{"line":52,"column":8},"end":{"line":52,"column":9}},"loc":{"start":{"line":52,"column":17},"end":{"line":52,"column":38}},"line":52},"6":{"name":"(anonymous_6)","decl":{"start":{"line":54,"column":12},"end":{"line":54,"column":13}},"loc":{"start":{"line":54,"column":18},"end":{"line":59,"column":7}},"line":54},"7":{"name":"(anonymous_7)","decl":{"start":{"line":63,"column":10},"end":{"line":63,"column":11}},"loc":{"start":{"line":63,"column":20},"end":{"line":75,"column":3}},"line":63},"8":{"name":"(anonymous_8)","decl":{"start":{"line":69,"column":15},"end":{"line":69,"column":16}},"loc":{"start":{"line":69,"column":26},"end":{"line":71,"column":7}},"line":69},"9":{"name":"(anonymous_9)","decl":{"start":{"line":78,"column":15},"end":{"line":78,"column":16}},"loc":{"start":{"line":78,"column":25},"end":{"line":95,"column":3}},"line":78},"10":{"name":"(anonymous_10)","decl":{"start":{"line":88,"column":12},"end":{"line":88,"column":13}},"loc":{"start":{"line":88,"column":18},"end":{"line":91,"column":7}},"line":88}},"branchMap":{"0":{"loc":{"start":{"line":64,"column":4},"end":{"line":74,"column":5}},"type":"if","locations":[{"start":{"line":64,"column":4},"end":{"line":74,"column":5}},{"start":{"line":64,"column":4},"end":{"line":74,"column":5}}],"line":64},"1":{"loc":{"start":{"line":79,"column":4},"end":{"line":94,"column":5}},"type":"if","locations":[{"start":{"line":79,"column":4},"end":{"line":94,"column":5}},{"start":{"line":79,"column":4},"end":{"line":94,"column":5}}],"line":79}},"s":{"0":4,"1":5,"2":5,"3":5,"4":5,"5":5,"6":5,"7":5,"8":5,"9":5,"10":5,"11":2,"12":2,"13":2,"14":2,"15":0,"16":2,"17":2,"18":2,"19":2,"20":5,"21":2,"22":2,"23":2,"24":2,"25":0,"26":2,"27":2,"28":2,"29":2,"30":5,"31":0,"32":0,"33":0,"34":0,"35":5,"36":0,"37":0,"38":0,"39":0,"40":0},"f":{"0":5,"1":2,"2":0,"3":2,"4":2,"5":0,"6":2,"7":0,"8":0,"9":0,"10":0},"b":{"0":[0,0],"1":[0,0]},"_coverageSchema":"1a1c01bbd47fc00a2c39e90264f33305004495a9","hash":"3dd4e3e8eb4d848a39b232bc2a1f942a97f076d1"}
,"C:\\Users\\achraf\\Desktop\\new bill finale 2\\Billed-app-FR-front\\src\\containers\\Logout.js": {"path":"C:\\Users\\achraf\\Desktop\\new bill finale 2\\Billed-app-FR-front\\src\\containers\\Logout.js","statementMap":{"0":{"start":{"line":5,"column":4},"end":{"line":5,"column":28}},"1":{"start":{"line":6,"column":4},"end":{"line":6,"column":32}},"2":{"start":{"line":7,"column":4},"end":{"line":7,"column":36}},"3":{"start":{"line":8,"column":4},"end":{"line":8,"column":51}},"4":{"start":{"line":11,"column":16},"end":{"line":14,"column":3}},"5":{"start":{"line":12,"column":4},"end":{"line":12,"column":29}},"6":{"start":{"line":13,"column":4},"end":{"line":13,"column":41}}},"fnMap":{"0":{"name":"(anonymous_0)","decl":{"start":{"line":4,"column":2},"end":{"line":4,"column":3}},"loc":{"start":{"line":4,"column":54},"end":{"line":9,"column":3}},"line":4},"1":{"name":"(anonymous_1)","decl":{"start":{"line":11,"column":16},"end":{"line":11,"column":17}},"loc":{"start":{"line":11,"column":23},"end":{"line":14,"column":3}},"line":11}},"branchMap":{},"s":{"0":28,"1":28,"2":28,"3":28,"4":28,"5":2,"6":2},"f":{"0":28,"1":2},"b":{},"_coverageSchema":"1a1c01bbd47fc00a2c39e90264f33305004495a9","hash":"439dc9f3890e5638c5699d74c8f3c3e78f70e347"}
,"C:\\Users\\achraf\\Desktop\\new bill finale 2\\Billed-app-FR-front\\src\\containers\\NewBill.js": {"path":"C:\\Users\\achraf\\Desktop\\new bill finale 2\\Billed-app-FR-front\\src\\containers\\NewBill.js","statementMap":{"0":{"start":{"line":6,"column":4},"end":{"line":6,"column":28}},"1":{"start":{"line":7,"column":4},"end":{"line":7,"column":32}},"2":{"start":{"line":8,"column":4},"end":{"line":8,"column":22}},"3":{"start":{"line":9,"column":24},"end":{"line":9,"column":88}},"4":{"start":{"line":10,"column":4},"end":{"line":10,"column":61}},"5":{"start":{"line":11,"column":17},"end":{"line":11,"column":73}},"6":{"start":{"line":12,"column":4},"end":{"line":12,"column":58}},"7":{"start":{"line":13,"column":4},"end":{"line":13,"column":23}},"8":{"start":{"line":14,"column":4},"end":{"line":14,"column":24}},"9":{"start":{"line":15,"column":4},"end":{"line":15,"column":22}},"10":{"start":{"line":16,"column":4},"end":{"line":16,"column":54}},"11":{"start":{"line":18,"column":21},"end":{"line":51,"column":3}},"12":{"start":{"line":19,"column":4},"end":{"line":19,"column":22}},"13":{"start":{"line":21,"column":17},"end":{"line":21,"column":34}},"14":{"start":{"line":22,"column":21},"end":{"line":22,"column":43}},"15":{"start":{"line":23,"column":23},"end":{"line":23,"column":68}},"16":{"start":{"line":24,"column":22},"end":{"line":24,"column":30}},"17":{"start":{"line":27,"column":4},"end":{"line":50,"column":5}},"18":{"start":{"line":28,"column":4},"end":{"line":28,"column":35}},"19":{"start":{"line":29,"column":21},"end":{"line":29,"column":35}},"20":{"start":{"line":30,"column":18},"end":{"line":30,"column":64}},"21":{"start":{"line":31,"column":4},"end":{"line":31,"column":33}},"22":{"start":{"line":32,"column":4},"end":{"line":32,"column":35}},"23":{"start":{"line":33,"column":4},"end":{"line":46,"column":45}},"24":{"start":{"line":42,"column":8},"end":{"line":42,"column":28}},"25":{"start":{"line":43,"column":8},"end":{"line":43,"column":25}},"26":{"start":{"line":44,"column":8},"end":{"line":44,"column":30}},"27":{"start":{"line":45,"column":8},"end":{"line":45,"column":32}},"28":{"start":{"line":46,"column":24},"end":{"line":46,"column":44}},"29":{"start":{"line":49,"column":6},"end":{"line":49,"column":111}},"30":{"start":{"line":52,"column":17},"end":{"line":71,"column":3}},"31":{"start":{"line":53,"column":4},"end":{"line":53,"column":22}},"32":{"start":{"line":54,"column":4},"end":{"line":54,"column":147}},"33":{"start":{"line":55,"column":18},"end":{"line":55,"column":64}},"34":{"start":{"line":56,"column":17},"end":{"line":68,"column":5}},"35":{"start":{"line":69,"column":4},"end":{"line":69,"column":25}},"36":{"start":{"line":70,"column":4},"end":{"line":70,"column":41}},"37":{"start":{"line":74,"column":15},"end":{"line":84,"column":3}},"38":{"start":{"line":75,"column":4},"end":{"line":83,"column":5}},"39":{"start":{"line":76,"column":6},"end":{"line":82,"column":43}},"40":{"start":{"line":80,"column":8},"end":{"line":80,"column":45}},"41":{"start":{"line":82,"column":22},"end":{"line":82,"column":42}}},"fnMap":{"0":{"name":"(anonymous_0)","decl":{"start":{"line":5,"column":2},"end":{"line":5,"column":3}},"loc":{"start":{"line":5,"column":61},"end":{"line":17,"column":3}},"line":5},"1":{"name":"(anonymous_1)","decl":{"start":{"line":18,"column":21},"end":{"line":18,"column":22}},"loc":{"start":{"line":18,"column":26},"end":{"line":51,"column":3}},"line":18},"2":{"name":"(anonymous_2)","decl":{"start":{"line":41,"column":12},"end":{"line":41,"column":13}},"loc":{"start":{"line":41,"column":32},"end":{"line":46,"column":7}},"line":41},"3":{"name":"(anonymous_3)","decl":{"start":{"line":46,"column":15},"end":{"line":46,"column":16}},"loc":{"start":{"line":46,"column":24},"end":{"line":46,"column":44}},"line":46},"4":{"name":"(anonymous_4)","decl":{"start":{"line":52,"column":17},"end":{"line":52,"column":18}},"loc":{"start":{"line":52,"column":22},"end":{"line":71,"column":3}},"line":52},"5":{"name":"(anonymous_5)","decl":{"start":{"line":74,"column":15},"end":{"line":74,"column":16}},"loc":{"start":{"line":74,"column":25},"end":{"line":84,"column":3}},"line":74},"6":{"name":"(anonymous_6)","decl":{"start":{"line":79,"column":12},"end":{"line":79,"column":13}},"loc":{"start":{"line":79,"column":18},"end":{"line":81,"column":7}},"line":79},"7":{"name":"(anonymous_7)","decl":{"start":{"line":82,"column":13},"end":{"line":82,"column":14}},"loc":{"start":{"line":82,"column":22},"end":{"line":82,"column":42}},"line":82}},"branchMap":{"0":{"loc":{"start":{"line":27,"column":4},"end":{"line":50,"column":5}},"type":"if","locations":[{"start":{"line":27,"column":4},"end":{"line":50,"column":5}},{"start":{"line":27,"column":4},"end":{"line":50,"column":5}}],"line":27},"1":{"loc":{"start":{"line":27,"column":7},"end":{"line":27,"column":79}},"type":"binary-expr","locations":[{"start":{"line":27,"column":7},"end":{"line":27,"column":28}},{"start":{"line":27,"column":32},"end":{"line":27,"column":54}},{"start":{"line":27,"column":58},"end":{"line":27,"column":79}}],"line":27},"2":{"loc":{"start":{"line":63,"column":11},"end":{"line":63,"column":83}},"type":"binary-expr","locations":[{"start":{"line":63,"column":11},"end":{"line":63,"column":77}},{"start":{"line":63,"column":81},"end":{"line":63,"column":83}}],"line":63},"3":{"loc":{"start":{"line":75,"column":4},"end":{"line":83,"column":5}},"type":"if","locations":[{"start":{"line":75,"column":4},"end":{"line":83,"column":5}},{"start":{"line":75,"column":4},"end":{"line":83,"column":5}}],"line":75}},"s":{"0":3,"1":3,"2":3,"3":3,"4":3,"5":3,"6":3,"7":3,"8":3,"9":3,"10":3,"11":3,"12":2,"13":2,"14":2,"15":2,"16":2,"17":2,"18":2,"19":2,"20":2,"21":2,"22":2,"23":2,"24":2,"25":2,"26":2,"27":2,"28":0,"29":0,"30":3,"31":4,"32":4,"33":4,"34":4,"35":4,"36":4,"37":3,"38":4,"39":2,"40":2,"41":0},"f":{"0":3,"1":2,"2":2,"3":0,"4":4,"5":4,"6":2,"7":0},"b":{"0":[2,0],"1":[2,2,2],"2":[4,4],"3":[2,2]},"_coverageSchema":"1a1c01bbd47fc00a2c39e90264f33305004495a9","hash":"6fcfac0a92b43722c74635768f48807abe597731"}
,"C:\\Users\\achraf\\Desktop\\new bill finale 2\\Billed-app-FR-front\\src\\views\\Actions.js": {"path":"C:\\Users\\achraf\\Desktop\\new bill finale 2\\Billed-app-FR-front\\src\\views\\Actions.js","statementMap":{"0":{"start":{"line":5,"column":2},"end":{"line":11,"column":3}}},"fnMap":{"0":{"name":"(anonymous_0)","decl":{"start":{"line":4,"column":15},"end":{"line":4,"column":16}},"loc":{"start":{"line":4,"column":28},"end":{"line":12,"column":1}},"line":4}},"branchMap":{},"s":{"0":26},"f":{"0":26},"b":{},"_coverageSchema":"1a1c01bbd47fc00a2c39e90264f33305004495a9","hash":"0df0e67c6fc8ba212ff0a0f008a65919bd17ce51"}
,"C:\\Users\\achraf\\Desktop\\new bill finale 2\\Billed-app-FR-front\\src\\views\\BillsUI.js": {"path":"C:\\Users\\achraf\\Desktop\\new bill finale 2\\Billed-app-FR-front\\src\\views\\BillsUI.js","statementMap":{"0":{"start":{"line":7,"column":12},"end":{"line":20,"column":3}},"1":{"start":{"line":8,"column":2},"end":{"line":19,"column":6}},"2":{"start":{"line":22,"column":13},"end":{"line":24,"column":1}},"3":{"start":{"line":23,"column":2},"end":{"line":23,"column":74}},"4":{"start":{"line":23,"column":50},"end":{"line":23,"column":59}},"5":{"start":{"line":28,"column":16},"end":{"line":43,"column":4}},"6":{"start":{"line":28,"column":23},"end":{"line":43,"column":3}},"7":{"start":{"line":45,"column":2},"end":{"line":49,"column":3}},"8":{"start":{"line":46,"column":4},"end":{"line":46,"column":24}},"9":{"start":{"line":47,"column":9},"end":{"line":49,"column":3}},"10":{"start":{"line":48,"column":4},"end":{"line":48,"column":27}},"11":{"start":{"line":51,"column":2},"end":{"line":79,"column":3}}},"fnMap":{"0":{"name":"(anonymous_0)","decl":{"start":{"line":7,"column":12},"end":{"line":7,"column":13}},"loc":{"start":{"line":7,"column":22},"end":{"line":20,"column":3}},"line":7},"1":{"name":"(anonymous_1)","decl":{"start":{"line":22,"column":13},"end":{"line":22,"column":14}},"loc":{"start":{"line":22,"column":23},"end":{"line":24,"column":1}},"line":22},"2":{"name":"(anonymous_2)","decl":{"start":{"line":23,"column":42},"end":{"line":23,"column":43}},"loc":{"start":{"line":23,"column":50},"end":{"line":23,"column":59}},"line":23},"3":{"name":"(anonymous_3)","decl":{"start":{"line":26,"column":15},"end":{"line":26,"column":16}},"loc":{"start":{"line":26,"column":52},"end":{"line":80,"column":1}},"line":26},"4":{"name":"(anonymous_4)","decl":{"start":{"line":28,"column":16},"end":{"line":28,"column":17}},"loc":{"start":{"line":28,"column":23},"end":{"line":43,"column":3}},"line":28}},"branchMap":{"0":{"loc":{"start":{"line":23,"column":9},"end":{"line":23,"column":74}},"type":"cond-expr","locations":[{"start":{"line":23,"column":33},"end":{"line":23,"column":69}},{"start":{"line":23,"column":72},"end":{"line":23,"column":74}}],"line":23},"1":{"loc":{"start":{"line":23,"column":10},"end":{"line":23,"column":29}},"type":"binary-expr","locations":[{"start":{"line":23,"column":10},"end":{"line":23,"column":14}},{"start":{"line":23,"column":18},"end":{"line":23,"column":29}}],"line":23},"2":{"loc":{"start":{"line":45,"column":2},"end":{"line":49,"column":3}},"type":"if","locations":[{"start":{"line":45,"column":2},"end":{"line":49,"column":3}},{"start":{"line":45,"column":2},"end":{"line":49,"column":3}}],"line":45},"3":{"loc":{"start":{"line":47,"column":9},"end":{"line":49,"column":3}},"type":"if","locations":[{"start":{"line":47,"column":9},"end":{"line":49,"column":3}},{"start":{"line":47,"column":9},"end":{"line":49,"column":3}}],"line":47}},"s":{"0":6,"1":24,"2":6,"3":15,"4":24,"5":21,"6":15,"7":21,"8":3,"9":18,"10":3,"11":15},"f":{"0":24,"1":15,"2":24,"3":21,"4":15},"b":{"0":[6,9],"1":[15,7],"2":[3,18],"3":[3,15]},"_coverageSchema":"1a1c01bbd47fc00a2c39e90264f33305004495a9","hash":"42008e129b13b19f397b0501e039ce4ce5420e4c"}
,"C:\\Users\\achraf\\Desktop\\new bill finale 2\\Billed-app-FR-front\\src\\views\\DashboardFormUI.js": {"path":"C:\\Users\\achraf\\Desktop\\new bill finale 2\\Billed-app-FR-front\\src\\views\\DashboardFormUI.js","statementMap":{"0":{"start":{"line":7,"column":21},"end":{"line":22,"column":4}},"1":{"start":{"line":7,"column":28},"end":{"line":22,"column":3}},"2":{"start":{"line":26,"column":2},"end":{"line":101,"column":4}}},"fnMap":{"0":{"name":"(anonymous_0)","decl":{"start":{"line":7,"column":21},"end":{"line":7,"column":22}},"loc":{"start":{"line":7,"column":28},"end":{"line":22,"column":3}},"line":7},"1":{"name":"(anonymous_1)","decl":{"start":{"line":24,"column":15},"end":{"line":24,"column":16}},"loc":{"start":{"line":24,"column":25},"end":{"line":102,"column":1}},"line":24}},"branchMap":{"0":{"loc":{"start":{"line":79,"column":9},"end":{"line":89,"column":9}},"type":"cond-expr","locations":[{"start":{"line":79,"column":38},"end":{"line":84,"column":8}},{"start":{"line":84,"column":13},"end":{"line":89,"column":8}}],"line":79},"1":{"loc":{"start":{"line":92,"column":8},"end":{"line":97,"column":13}},"type":"cond-expr","locations":[{"start":{"line":92,"column":37},"end":{"line":97,"column":7}},{"start":{"line":97,"column":11},"end":{"line":97,"column":13}}],"line":92}},"s":{"0":7,"1":9,"2":9},"f":{"0":9,"1":9},"b":{"0":[6,3],"1":[6,3]},"_coverageSchema":"1a1c01bbd47fc00a2c39e90264f33305004495a9","hash":"51ff09d39250c73fc0937cf79ac0cd716ee2cf72"}
,"C:\\Users\\achraf\\Desktop\\new bill finale 2\\Billed-app-FR-front\\src\\views\\DashboardUI.js": {"path":"C:\\Users\\achraf\\Desktop\\new bill finale 2\\Billed-app-FR-front\\src\\views\\DashboardUI.js","statementMap":{"0":{"start":{"line":10,"column":2},"end":{"line":14,"column":3}},"1":{"start":{"line":11,"column":4},"end":{"line":11,"column":24}},"2":{"start":{"line":12,"column":9},"end":{"line":14,"column":3}},"3":{"start":{"line":13,"column":4},"end":{"line":13,"column":27}},"4":{"start":{"line":16,"column":2},"end":{"line":48,"column":3}}},"fnMap":{"0":{"name":"(anonymous_0)","decl":{"start":{"line":8,"column":15},"end":{"line":8,"column":16}},"loc":{"start":{"line":8,"column":45},"end":{"line":49,"column":1}},"line":8}},"branchMap":{"0":{"loc":{"start":{"line":10,"column":2},"end":{"line":14,"column":3}},"type":"if","locations":[{"start":{"line":10,"column":2},"end":{"line":14,"column":3}},{"start":{"line":10,"column":2},"end":{"line":14,"column":3}}],"line":10},"1":{"loc":{"start":{"line":12,"column":9},"end":{"line":14,"column":3}},"type":"if","locations":[{"start":{"line":12,"column":9},"end":{"line":14,"column":3}},{"start":{"line":12,"column":9},"end":{"line":14,"column":3}}],"line":12},"2":{"loc":{"start":{"line":22,"column":45},"end":{"line":22,"column":63}},"type":"binary-expr","locations":[{"start":{"line":22,"column":45},"end":{"line":22,"column":49}},{"start":{"line":22,"column":53},"end":{"line":22,"column":63}}],"line":22},"3":{"loc":{"start":{"line":29,"column":43},"end":{"line":29,"column":61}},"type":"binary-expr","locations":[{"start":{"line":29,"column":43},"end":{"line":29,"column":47}},{"start":{"line":29,"column":51},"end":{"line":29,"column":61}}],"line":29},"4":{"loc":{"start":{"line":36,"column":43},"end":{"line":36,"column":61}},"type":"binary-expr","locations":[{"start":{"line":36,"column":43},"end":{"line":36,"column":47}},{"start":{"line":36,"column":51},"end":{"line":36,"column":61}}],"line":36}},"s":{"0":21,"1":6,"2":15,"3":1,"4":14},"f":{"0":21},"b":{"0":[6,15],"1":[1,14],"2":[14,9],"3":[14,9],"4":[14,9]},"_coverageSchema":"1a1c01bbd47fc00a2c39e90264f33305004495a9","hash":"15eb40833df9e168f50bc9ec2c0caf742b751996"}
,"C:\\Users\\achraf\\Desktop\\new bill finale 2\\Billed-app-FR-front\\src\\views\\ErrorPage.js": {"path":"C:\\Users\\achraf\\Desktop\\new bill finale 2\\Billed-app-FR-front\\src\\views\\ErrorPage.js","statementMap":{"0":{"start":{"line":4,"column":2},"end":{"line":15,"column":3}}},"fnMap":{"0":{"name":"(anonymous_0)","decl":{"start":{"line":3,"column":15},"end":{"line":3,"column":16}},"loc":{"start":{"line":3,"column":26},"end":{"line":16,"column":1}},"line":3}},"branchMap":{"0":{"loc":{"start":{"line":12,"column":12},"end":{"line":12,"column":30}},"type":"cond-expr","locations":[{"start":{"line":12,"column":20},"end":{"line":12,"column":25}},{"start":{"line":12,"column":28},"end":{"line":12,"column":30}}],"line":12}},"s":{"0":6},"f":{"0":6},"b":{"0":[5,1]},"_coverageSchema":"1a1c01bbd47fc00a2c39e90264f33305004495a9","hash":"4db85b2cde803e7b8425d55cabab49d1634e81e3"}
,"C:\\Users\\achraf\\Desktop\\new bill finale 2\\Billed-app-FR-front\\src\\views\\LoadingPage.js": {"path":"C:\\Users\\achraf\\Desktop\\new bill finale 2\\Billed-app-FR-front\\src\\views\\LoadingPage.js","statementMap":{"0":{"start":{"line":5,"column":2},"end":{"line":12,"column":3}}},"fnMap":{"0":{"name":"(anonymous_0)","decl":{"start":{"line":3,"column":15},"end":{"line":3,"column":16}},"loc":{"start":{"line":3,"column":21},"end":{"line":13,"column":1}},"line":3}},"branchMap":{},"s":{"0":10},"f":{"0":10},"b":{},"_coverageSchema":"1a1c01bbd47fc00a2c39e90264f33305004495a9","hash":"79988c3fcd85edba91d1926c9a3c1f487f9dfb7b"}
,"C:\\Users\\achraf\\Desktop\\new bill finale 2\\Billed-app-FR-front\\src\\views\\LoginUI.js": {"path":"C:\\Users\\achraf\\Desktop\\new bill finale 2\\Billed-app-FR-front\\src\\views\\LoginUI.js","statementMap":{"0":{"start":{"line":4,"column":2},"end":{"line":46,"column":4}}},"fnMap":{"0":{"name":"(anonymous_0)","decl":{"start":{"line":2,"column":15},"end":{"line":2,"column":16}},"loc":{"start":{"line":2,"column":21},"end":{"line":47,"column":1}},"line":2}},"branchMap":{},"s":{"0":17},"f":{"0":17},"b":{},"_coverageSchema":"1a1c01bbd47fc00a2c39e90264f33305004495a9","hash":"343d7bc1e248ab76e445c4da2e96177a123d8f57"}
,"C:\\Users\\achraf\\Desktop\\new bill finale 2\\Billed-app-FR-front\\src\\views\\NewBillUI.js": {"path":"C:\\Users\\achraf\\Desktop\\new bill finale 2\\Billed-app-FR-front\\src\\views\\NewBillUI.js","statementMap":{"0":{"start":{"line":5,"column":2},"end":{"line":73,"column":4}}},"fnMap":{"0":{"name":"(anonymous_0)","decl":{"start":{"line":3,"column":15},"end":{"line":3,"column":16}},"loc":{"start":{"line":3,"column":21},"end":{"line":74,"column":1}},"line":3}},"branchMap":{},"s":{"0":5},"f":{"0":5},"b":{},"_coverageSchema":"1a1c01bbd47fc00a2c39e90264f33305004495a9","hash":"dfb8d41e28c845bbc739e840ec55a3061ba06897"}
,"C:\\Users\\achraf\\Desktop\\new bill finale 2\\Billed-app-FR-front\\src\\views\\VerticalLayout.js": {"path":"C:\\Users\\achraf\\Desktop\\new bill finale 2\\Billed-app-FR-front\\src\\views\\VerticalLayout.js","statementMap":{"0":{"start":{"line":7,"column":4},"end":{"line":7,"column":51}},"1":{"start":{"line":8,"column":4},"end":{"line":10,"column":5}},"2":{"start":{"line":9,"column":6},"end":{"line":9,"column":29}},"3":{"start":{"line":11,"column":4},"end":{"line":39,"column":5}},"4":{"start":{"line":12,"column":6},"end":{"line":27,"column":7}},"5":{"start":{"line":29,"column":6},"end":{"line":38,"column":7}}},"fnMap":{"0":{"name":"(anonymous_0)","decl":{"start":{"line":5,"column":15},"end":{"line":5,"column":16}},"loc":{"start":{"line":5,"column":27},"end":{"line":40,"column":1}},"line":5}},"branchMap":{"0":{"loc":{"start":{"line":8,"column":4},"end":{"line":10,"column":5}},"type":"if","locations":[{"start":{"line":8,"column":4},"end":{"line":10,"column":5}},{"start":{"line":8,"column":4},"end":{"line":10,"column":5}}],"line":8},"1":{"loc":{"start":{"line":11,"column":4},"end":{"line":39,"column":5}},"type":"if","locations":[{"start":{"line":11,"column":4},"end":{"line":39,"column":5}},{"start":{"line":11,"column":4},"end":{"line":39,"column":5}}],"line":11},"2":{"loc":{"start":{"line":11,"column":8},"end":{"line":11,"column":40}},"type":"binary-expr","locations":[{"start":{"line":11,"column":8},"end":{"line":11,"column":12}},{"start":{"line":11,"column":16},"end":{"line":11,"column":40}}],"line":11}},"s":{"0":51,"1":51,"2":39,"3":51,"4":23,"5":28},"f":{"0":51},"b":{"0":[39,12],"1":[23,28],"2":[51,39]},"_coverageSchema":"1a1c01bbd47fc00a2c39e90264f33305004495a9","hash":"c43a01d38136a3549ca55d2910094df82991ba4a"}
}
