TN:
SF:src\constants\routes.js
FN:13,(anonymous_0)
FNF:1
FNH:1
FNDA:37,(anonymous_0)
DA:6,6
DA:13,6
DA:14,37
DA:16,10
DA:18,13
DA:20,3
DA:22,10
DA:24,1
LF:8
LH:8
BRDA:14,0,0,10
BRDA:14,0,1,13
BRDA:14,0,2,3
BRDA:14,0,3,10
BRDA:14,0,4,1
BRF:5
BRH:5
end_of_record
TN:
SF:src\constants\usersTest.js
FNF:0
FNH:0
LF:0
LH:0
BRF:0
BRH:0
end_of_record
TN:
SF:src\containers\Bills.js
FN:6,(anonymous_0)
FN:17,(anonymous_1)
FN:18,(anonymous_2)
FN:23,(anonymous_3)
FN:27,(anonymous_4)
FN:39,(anonymous_5)
FN:44,(anonymous_6)
FN:47,(anonymous_7)
FN:48,(anonymous_8)
FNF:9
FNH:8
FNDA:8,(anonymous_0)
FNDA:24,(anonymous_1)
FNDA:0,(anonymous_2)
FNDA:1,(anonymous_3)
FNDA:4,(anonymous_4)
FNDA:3,(anonymous_5)
FNDA:2,(anonymous_6)
FNDA:12,(anonymous_7)
FNDA:8,(anonymous_8)
DA:7,8
DA:8,8
DA:9,8
DA:10,8
DA:13,8
DA:14,5
DA:15,8
DA:16,8
DA:17,8
DA:18,24
DA:20,8
DA:23,8
DA:24,1
DA:27,8
DA:28,4
DA:29,4
DA:30,4
DA:35,4
DA:36,4
DA:39,8
DA:40,3
DA:41,3
DA:45,2
DA:47,12
DA:49,8
DA:50,8
DA:58,0
DA:59,0
DA:66,2
DA:67,2
LF:30
LH:28
BRDA:13,0,0,5
BRDA:13,0,1,3
BRDA:16,1,0,8
BRDA:16,1,1,0
BRDA:35,2,0,4
BRDA:35,2,1,0
BRDA:40,3,0,3
BRDA:40,3,1,0
BRDA:47,4,0,6
BRDA:47,4,1,6
BRF:10
BRH:7
end_of_record
TN:
SF:src\containers\Dashboard.js
FN:8,(anonymous_0)
FN:10,(anonymous_1)
FN:29,(anonymous_2)
FN:58,(anonymous_3)
FN:59,(anonymous_4)
FN:62,(anonymous_5)
FN:74,(anonymous_6)
FN:79,(anonymous_7)
FN:80,(anonymous_8)
FN:81,(anonymous_9)
FN:87,(anonymous_10)
FN:99,(anonymous_11)
FN:107,(anonymous_12)
FN:124,(anonymous_13)
FN:125,(anonymous_14)
FN:128,(anonymous_15)
FN:138,(anonymous_16)
FN:148,(anonymous_17)
FN:150,(anonymous_18)
FN:182,(anonymous_19)
FN:183,(anonymous_20)
FN:193,(anonymous_21)
FN:198,(anonymous_22)
FN:199,(anonymous_23)
FN:212,(anonymous_24)
FN:217,(anonymous_25)
FNF:26
FNH:20
FNDA:50,(anonymous_0)
FNDA:128,(anonymous_1)
FNDA:6,(anonymous_2)
FNDA:6,(anonymous_3)
FNDA:6,(anonymous_4)
FNDA:5,(anonymous_5)
FNDA:16,(anonymous_6)
FNDA:0,(anonymous_7)
FNDA:0,(anonymous_8)
FNDA:0,(anonymous_9)
FNDA:1,(anonymous_10)
FNDA:3,(anonymous_11)
FNDA:8,(anonymous_12)
FNDA:0,(anonymous_13)
FNDA:0,(anonymous_14)
FNDA:1,(anonymous_15)
FNDA:1,(anonymous_16)
FNDA:5,(anonymous_17)
FNDA:20,(anonymous_18)
FNDA:20,(anonymous_19)
FNDA:3,(anonymous_20)
FNDA:21,(anonymous_21)
FNDA:13,(anonymous_22)
FNDA:52,(anonymous_23)
FNDA:2,(anonymous_24)
FNDA:0,(anonymous_25)
DA:8,6
DA:9,50
DA:14,128
DA:15,128
DA:18,0
DA:19,0
DA:24,128
DA:29,6
DA:30,6
DA:31,6
DA:34,6
DA:38,6
DA:58,6
DA:59,6
DA:62,6
DA:63,5
DA:65,3
DA:67,1
DA:69,1
DA:75,16
DA:76,16
DA:77,16
DA:79,16
DA:80,16
DA:81,16
DA:83,16
DA:84,16
DA:87,16
DA:88,1
DA:89,1
DA:90,1
DA:95,1
DA:96,0
DA:100,3
DA:101,2
DA:103,3
DA:104,2
DA:106,3
DA:107,2
DA:108,8
DA:110,2
DA:111,2
DA:112,2
DA:113,2
DA:115,1
DA:117,1
DA:120,1
DA:121,1
DA:123,3
DA:124,3
DA:125,3
DA:128,16
DA:129,1
DA:134,1
DA:135,1
DA:138,16
DA:139,1
DA:144,1
DA:145,1
DA:150,5
DA:158,20
DA:162,5
DA:163,5
DA:164,5
DA:167,5
DA:168,5
DA:169,5
DA:172,5
DA:174,0
DA:175,0
DA:176,0
DA:182,5
DA:183,20
DA:186,3
DA:190,5
DA:193,16
DA:194,21
DA:195,15
DA:199,52
DA:205,13
DA:212,16
DA:213,2
DA:214,0
DA:217,0
LF:84
LH:76
BRDA:9,0,0,32
BRDA:9,0,1,18
BRDA:9,1,0,50
BRDA:9,1,1,32
BRDA:14,2,0,128
BRDA:14,2,1,0
BRDA:20,3,0,0
BRDA:20,3,1,0
BRDA:31,4,0,0
BRDA:31,4,1,6
BRDA:34,5,0,0
BRDA:34,5,1,6
BRDA:59,6,0,5
BRDA:59,6,1,1
BRDA:59,7,0,6
BRDA:59,7,1,6
BRDA:63,8,0,3
BRDA:63,8,1,1
BRDA:63,8,2,1
BRDA:95,9,0,0
BRDA:95,9,1,1
BRDA:100,10,0,2
BRDA:100,10,1,1
BRDA:100,11,0,3
BRDA:100,11,1,3
BRDA:103,12,0,2
BRDA:103,12,1,1
BRDA:103,13,0,3
BRDA:103,13,1,1
BRDA:106,14,0,2
BRDA:106,14,1,1
BRDA:162,15,0,5
BRDA:162,15,1,0
BRDA:162,16,0,5
BRDA:162,16,1,2
BRDA:163,17,0,5
BRDA:163,17,1,0
BRDA:163,18,0,5
BRDA:163,18,1,2
BRDA:167,19,0,5
BRDA:167,19,1,0
BRDA:194,20,0,15
BRDA:194,20,1,6
BRDA:213,21,0,0
BRDA:213,21,1,2
BRF:45
BRH:35
end_of_record
TN:
SF:src\containers\Login.js
FN:7,(anonymous_0)
FN:18,(anonymous_1)
FN:29,(anonymous_2)
FN:31,(anonymous_3)
FN:40,(anonymous_4)
FN:52,(anonymous_5)
FN:54,(anonymous_6)
FN:63,(anonymous_7)
FN:69,(anonymous_8)
FN:78,(anonymous_9)
FN:88,(anonymous_10)
FNF:11
FNH:5
FNDA:5,(anonymous_0)
FNDA:2,(anonymous_1)
FNDA:0,(anonymous_2)
FNDA:2,(anonymous_3)
FNDA:2,(anonymous_4)
FNDA:0,(anonymous_5)
FNDA:2,(anonymous_6)
FNDA:0,(anonymous_7)
FNDA:0,(anonymous_8)
FNDA:0,(anonymous_9)
FNDA:0,(anonymous_10)
DA:3,4
DA:8,5
DA:9,5
DA:10,5
DA:11,5
DA:12,5
DA:13,5
DA:14,5
DA:15,5
DA:16,5
DA:18,5
DA:19,2
DA:20,2
DA:26,2
DA:27,2
DA:29,0
DA:32,2
DA:33,2
DA:34,2
DA:35,2
DA:40,5
DA:41,2
DA:42,2
DA:49,2
DA:50,2
DA:52,0
DA:55,2
DA:56,2
DA:57,2
DA:58,2
DA:63,5
DA:64,0
DA:65,0
DA:70,0
DA:73,0
DA:78,5
DA:79,0
DA:80,0
DA:89,0
DA:90,0
DA:93,0
LF:41
LH:30
BRDA:64,0,0,0
BRDA:64,0,1,0
BRDA:79,1,0,0
BRDA:79,1,1,0
BRF:4
BRH:0
end_of_record
TN:
SF:src\containers\Logout.js
FN:4,(anonymous_0)
FN:11,(anonymous_1)
FNF:2
FNH:2
FNDA:28,(anonymous_0)
FNDA:2,(anonymous_1)
DA:5,28
DA:6,28
DA:7,28
DA:8,28
DA:11,28
DA:12,2
DA:13,2
LF:7
LH:7
BRF:0
BRH:0
end_of_record
TN:
SF:src\containers\NewBill.js
FN:5,(anonymous_0)
FN:18,(anonymous_1)
FN:41,(anonymous_2)
FN:46,(anonymous_3)
FN:52,(anonymous_4)
FN:74,(anonymous_5)
FN:79,(anonymous_6)
FN:82,(anonymous_7)
FNF:8
FNH:6
FNDA:3,(anonymous_0)
FNDA:2,(anonymous_1)
FNDA:2,(anonymous_2)
FNDA:0,(anonymous_3)
FNDA:4,(anonymous_4)
FNDA:4,(anonymous_5)
FNDA:2,(anonymous_6)
FNDA:0,(anonymous_7)
DA:6,3
DA:7,3
DA:8,3
DA:9,3
DA:10,3
DA:11,3
DA:12,3
DA:13,3
DA:14,3
DA:15,3
DA:16,3
DA:18,3
DA:19,2
DA:21,2
DA:22,2
DA:23,2
DA:24,2
DA:27,2
DA:28,2
DA:29,2
DA:30,2
DA:31,2
DA:32,2
DA:33,2
DA:42,2
DA:43,2
DA:44,2
DA:45,2
DA:46,0
DA:49,0
DA:52,3
DA:53,4
DA:54,4
DA:55,4
DA:56,4
DA:69,4
DA:70,4
DA:74,3
DA:75,4
DA:76,2
DA:80,2
DA:82,0
LF:42
LH:39
BRDA:27,0,0,2
BRDA:27,0,1,0
BRDA:27,1,0,2
BRDA:27,1,1,2
BRDA:27,1,2,2
BRDA:63,2,0,4
BRDA:63,2,1,4
BRDA:75,3,0,2
BRDA:75,3,1,2
BRF:9
BRH:8
end_of_record
TN:
SF:src\views\Actions.js
FN:4,(anonymous_0)
FNF:1
FNH:1
FNDA:26,(anonymous_0)
DA:5,26
LF:1
LH:1
BRF:0
BRH:0
end_of_record
TN:
SF:src\views\BillsUI.js
FN:7,(anonymous_0)
FN:22,(anonymous_1)
FN:23,(anonymous_2)
FN:26,(anonymous_3)
FN:28,(anonymous_4)
FNF:5
FNH:5
FNDA:24,(anonymous_0)
FNDA:15,(anonymous_1)
FNDA:24,(anonymous_2)
FNDA:21,(anonymous_3)
FNDA:15,(anonymous_4)
DA:7,6
DA:8,24
DA:22,6
DA:23,24
DA:28,21
DA:45,21
DA:46,3
DA:47,18
DA:48,3
DA:51,15
LF:10
LH:10
BRDA:23,0,0,6
BRDA:23,0,1,9
BRDA:23,1,0,15
BRDA:23,1,1,7
BRDA:45,2,0,3
BRDA:45,2,1,18
BRDA:47,3,0,3
BRDA:47,3,1,15
BRF:8
BRH:8
end_of_record
TN:
SF:src\views\DashboardFormUI.js
FN:7,(anonymous_0)
FN:24,(anonymous_1)
FNF:2
FNH:2
FNDA:9,(anonymous_0)
FNDA:9,(anonymous_1)
DA:7,9
DA:26,9
LF:2
LH:2
BRDA:79,0,0,6
BRDA:79,0,1,3
BRDA:92,1,0,6
BRDA:92,1,1,3
BRF:4
BRH:4
end_of_record
TN:
SF:src\views\DashboardUI.js
FN:8,(anonymous_0)
FNF:1
FNH:1
FNDA:21,(anonymous_0)
DA:10,21
DA:11,6
DA:12,15
DA:13,1
DA:16,14
LF:5
LH:5
BRDA:10,0,0,6
BRDA:10,0,1,15
BRDA:12,1,0,1
BRDA:12,1,1,14
BRDA:22,2,0,14
BRDA:22,2,1,9
BRDA:29,3,0,14
BRDA:29,3,1,9
BRDA:36,4,0,14
BRDA:36,4,1,9
BRF:10
BRH:10
end_of_record
TN:
SF:src\views\ErrorPage.js
FN:3,(anonymous_0)
FNF:1
FNH:1
FNDA:6,(anonymous_0)
DA:4,6
LF:1
LH:1
BRDA:12,0,0,5
BRDA:12,0,1,1
BRF:2
BRH:2
end_of_record
TN:
SF:src\views\LoadingPage.js
FN:3,(anonymous_0)
FNF:1
FNH:1
FNDA:10,(anonymous_0)
DA:5,10
LF:1
LH:1
BRF:0
BRH:0
end_of_record
TN:
SF:src\views\LoginUI.js
FN:2,(anonymous_0)
FNF:1
FNH:1
FNDA:17,(anonymous_0)
DA:4,17
LF:1
LH:1
BRF:0
BRH:0
end_of_record
TN:
SF:src\views\NewBillUI.js
FN:3,(anonymous_0)
FNF:1
FNH:1
FNDA:5,(anonymous_0)
DA:5,5
LF:1
LH:1
BRF:0
BRH:0
end_of_record
TN:
SF:src\views\VerticalLayout.js
FN:5,(anonymous_0)
FNF:1
FNH:1
FNDA:51,(anonymous_0)
DA:7,51
DA:8,51
DA:9,39
DA:11,51
DA:12,23
DA:29,28
LF:6
LH:6
BRDA:8,0,0,39
BRDA:8,0,1,12
BRDA:11,1,0,23
BRDA:11,1,1,28
BRDA:11,2,0,51
BRDA:11,2,1,39
BRF:6
BRH:6
end_of_record
